Determining if the pthread_create exist failed with the following output:
Change Dir: /home/zeke/brock_ws/build/CMakeFiles/CMakeTmp

Run Build Command:"/usr/bin/make" "cmTC_f6fdb/fast"
/usr/bin/make -f CMakeFiles/cmTC_f6fdb.dir/build.make CMakeFiles/cmTC_f6fdb.dir/build
make[1]: Entering directory '/home/zeke/brock_ws/build/CMakeFiles/CMakeTmp'
Building C object CMakeFiles/cmTC_f6fdb.dir/CheckSymbolExists.c.o
/usr/bin/cc    -o CMakeFiles/cmTC_f6fdb.dir/CheckSymbolExists.c.o   -c /home/zeke/brock_ws/build/CMakeFiles/CMakeTmp/CheckSymbolExists.c
Linking C executable cmTC_f6fdb
/usr/bin/cmake -E cmake_link_script CMakeFiles/cmTC_f6fdb.dir/link.txt --verbose=1
/usr/bin/cc      -rdynamic CMakeFiles/cmTC_f6fdb.dir/CheckSymbolExists.c.o  -o cmTC_f6fdb 
CMakeFiles/cmTC_f6fdb.dir/CheckSymbolExists.c.o: In function `main':
CheckSymbolExists.c:(.text+0x1b): undefined reference to `pthread_create'
collect2: error: ld returned 1 exit status
CMakeFiles/cmTC_f6fdb.dir/build.make:97: recipe for target 'cmTC_f6fdb' failed
make[1]: *** [cmTC_f6fdb] Error 1
make[1]: Leaving directory '/home/zeke/brock_ws/build/CMakeFiles/CMakeTmp'
Makefile:126: recipe for target 'cmTC_f6fdb/fast' failed
make: *** [cmTC_f6fdb/fast] Error 2

File /home/zeke/brock_ws/build/CMakeFiles/CMakeTmp/CheckSymbolExists.c:
/* */
#include <pthread.h>

int main(int argc, char** argv)
{
  (void)argv;
#ifndef pthread_create
  return ((int*)(&pthread_create))[argc];
#else
  (void)argc;
  return 0;
#endif
}

Determining if the function pthread_create exists in the pthreads failed with the following output:
Change Dir: /home/zeke/brock_ws/build/CMakeFiles/CMakeTmp

Run Build Command:"/usr/bin/make" "cmTC_cd8bc/fast"
/usr/bin/make -f CMakeFiles/cmTC_cd8bc.dir/build.make CMakeFiles/cmTC_cd8bc.dir/build
make[1]: Entering directory '/home/zeke/brock_ws/build/CMakeFiles/CMakeTmp'
Building C object CMakeFiles/cmTC_cd8bc.dir/CheckFunctionExists.c.o
/usr/bin/cc   -DCHECK_FUNCTION_EXISTS=pthread_create   -o CMakeFiles/cmTC_cd8bc.dir/CheckFunctionExists.c.o   -c /usr/share/cmake-3.10/Modules/CheckFunctionExists.c
Linking C executable cmTC_cd8bc
/usr/bin/cmake -E cmake_link_script CMakeFiles/cmTC_cd8bc.dir/link.txt --verbose=1
/usr/bin/cc  -DCHECK_FUNCTION_EXISTS=pthread_create    -rdynamic CMakeFiles/cmTC_cd8bc.dir/CheckFunctionExists.c.o  -o cmTC_cd8bc -lpthreads 
/usr/bin/ld: cannot find -lpthreads
collect2: error: ld returned 1 exit status
CMakeFiles/cmTC_cd8bc.dir/build.make:97: recipe for target 'cmTC_cd8bc' failed
make[1]: *** [cmTC_cd8bc] Error 1
make[1]: Leaving directory '/home/zeke/brock_ws/build/CMakeFiles/CMakeTmp'
Makefile:126: recipe for target 'cmTC_cd8bc/fast' failed
make: *** [cmTC_cd8bc/fast] Error 2


